INFO:root:(-1, -1)
INFO:root:(-1, -1)
INFO:root:(-1, -1)
INFO:root:(-1, -1)
INFO:root:(-1, -1)
INFO:root:(-1, -1)
INFO:root:(-1, -1)
INFO:root:(-1, -1)
INFO:root:(-1, -1)
INFO:root:(-1, -1)
INFO:root:(-1, -1)
INFO:root:(-1, -1)
INFO:root:(-1, -1)
INFO:root:(-1, -1)
INFO:root:(-1, -1)
INFO:root:(-1, -1)
INFO:root:(-1, -1)
INFO:root:(-1, -1)
INFO:root:(-1, -1)
INFO:root:(-1, -1)
INFO:root:(-1, -1)
INFO:root:(-1, -1)
INFO:root:(-1, -1)
INFO:root:(-1, -1)
INFO:root:(-1, -1)
INFO:root:(-1, -1)
INFO:root:(-1, -1)
INFO:root:(-1, -1)
INFO:root:(-1, -1)
INFO:root:(-1, -1)
INFO:root:(-1, -1)
INFO:root:(-1, -1)
INFO:root:(-1, -1)
INFO:root:(-1, -1)
INFO:root:(-1, -1)
INFO:root:(-1, -1)
INFO:root:(-1, -1)
INFO:root:(-1, -1)
INFO:root:(-1, -1)
INFO:root:(-1, -1)
INFO:root:(-1, -1)
INFO:root:(-1, -1)
INFO:root:(-1, -1)
INFO:root:(-1, -1)
INFO:root:(-1, -1)
INFO:root:(-1, -1)
INFO:root:(-1, -1)
INFO:root:(-1, -1)
INFO:root:(-1, -1)
INFO:root:(-1, -1)
INFO:root:(-1, -1)
INFO:root:(-1, -1)
INFO:root:(-1, -1)
INFO:root:(-1, -1)
INFO:root:(-1, -1)
INFO:root:(-1, -1)
INFO:root:(-1, -1)
INFO:root:(-1, -1)
INFO:root:(-1, -1)
INFO:root:(-1, -1)
INFO:root:(-1, -1)
INFO:root:(-1, -1)
INFO:root:(-1, -1)
INFO:root:(-1, -1)
INFO:root:(-1, -1)
INFO:root:(-1, -1)
INFO:root:(-1, -1)
INFO:root:(-1, -1)
INFO:root:(-1, -1)
INFO:root:(-1, -1)
INFO:root:(-1, -1)
INFO:root:(-1, -1)
INFO:root:(-1, -1)
INFO:root:(-1, -1)
INFO:root:(-1, -1)
INFO:root:(-1, -1)
INFO:root:(-1, -1)
INFO:root:(-1, -1)
INFO:root:(-1, -1)
INFO:root:(-1, -1)
INFO:root:(-1, -1)
INFO:root:(-1, -1)
INFO:root:(-1, -1)
INFO:root:(-1, -1)
INFO:root:(-1, -1)
INFO:root:(-1, -1)
INFO:root:(-1, -1)
INFO:root:(-1, -1)
INFO:root:(-1, -1)
INFO:root:(-1, -1)
INFO:root:(-1, -1)
INFO:root:(-1, -1)
INFO:root:(-1, -1)
INFO:root:(-1, -1)
INFO:root:(-1, -1)
INFO:root:(-1, -1)
INFO:root:(-1, -1)
INFO:root:(-1, -1)
INFO:root:(-1, -1)
INFO:root:(-1, -1)
INFO:root:(-1, -1)
INFO:root:(-1, -1)
INFO:root:(-1, -1)
INFO:root:(-1, -1)
INFO:root:(-1, -1)
INFO:root:(-1, -1)
INFO:root:(-1, -1)
INFO:root:(-1, -1)
INFO:root:(-1, -1)
INFO:root:(-1, -1)
INFO:root:(-1, -1)
INFO:root:(-1, -1)
INFO:root:(-1, -1)
INFO:root:(-1, -1)
INFO:root:(-1, -1)
INFO:root:(-1, -1)
INFO:root:(-1, -1)
INFO:root:(-1, -1)
INFO:root:(-1, -1)
INFO:root:(-1, -1)
INFO:root:(-1, -1)
INFO:root:(-1, -1)
INFO:root:(-1, -1)
INFO:root:(-1, -1)
INFO:root:(-1, -1)
INFO:root:(-1, -1)
INFO:root:(-1, -1)
INFO:root:(-1, -1)
INFO:root:(-1, -1)
INFO:root:(-1, -1)
INFO:root:(-1, -1)
INFO:root:(-1, -1)
INFO:root:(-1, -1)
INFO:root:(-1, -1)
INFO:root:(-1, -1)
INFO:root:(-1, -1)
INFO:root:(-1, -1)
INFO:root:(-1, -1)
INFO:root:(-1, -1)
INFO:root:(-1, -1)
INFO:root:(-1, -1)
INFO:root:(-1, -1)
INFO:root:(-1, -1)
INFO:root:(-1, -1)
INFO:root:(-1, -1)
INFO:root:(-1, -1)
INFO:root:(-1, -1)
INFO:root:(-1, -1)
INFO:root:(-1, -1)
INFO:root:(-1, -1)
INFO:root:(-1, -1)
INFO:root:(-1, -1)
INFO:root:(-1, -1)
INFO:root:(-1, -1)
INFO:root:(-1, -1)
INFO:root:(-1, -1)
INFO:root:(-1, -1)
INFO:root:(-1, -1)
INFO:root:(-1, -1)
INFO:root:(-1, -1)
INFO:root:(-1, -1)
INFO:root:(-1, -1)
INFO:root:(-1, -1)
INFO:root:(-1, -1)
INFO:root:(-1, -1)
INFO:root:(-1, -1)
INFO:root:(-1, -1)
INFO:root:(-1, -1)
INFO:root:(-1, -1)
INFO:root:(-1, -1)
INFO:root:(-1, -1)
INFO:root:(-1, -1)
INFO:root:(-1, -1)
INFO:root:(-1, -1)
INFO:root:(-1, -1)
INFO:root:(-1, -1)
INFO:root:(-1, -1)
INFO:root:(-1, -1)
INFO:root:(-1, -1)
INFO:root:(-1, -1)
INFO:root:(-1, -1)
INFO:root:(-1, -1)
INFO:root:(-1, -1)
INFO:root:(-1, -1)
INFO:root:(-1, -1)
INFO:root:(-1, -1)
INFO:root:(-1, -1)
INFO:root:(-1, -1)
INFO:root:(-1, -1)
INFO:root:(-1, -1)
INFO:root:(-1, -1)
INFO:root:(-1, -1)
INFO:root:(-1, -1)
INFO:root:(-1, -1)
INFO:root:(-1, -1)
INFO:root:(-1, -1)
INFO:root:(-1, -1)
INFO:root:(-1, -1)
INFO:root:(-1, -1)
INFO:root:(-1, -1)
INFO:root:(-1, -1)
INFO:root:(-1, -1)
INFO:root:(-1, -1)
INFO:root:(-1, -1)
INFO:root:(-1, -1)
INFO:root:(-1, -1)
INFO:root:(-1, -1)
INFO:root:(-1, -1)
INFO:root:(-1, -1)
INFO:root:(-1, -1)
INFO:root:(-1, -1)
INFO:root:(-1, -1)
INFO:root:(-1, -1)
INFO:root:(-1, -1)
INFO:root:(-1, -1)
INFO:root:(-1, -1)
INFO:root:(-1, -1)
INFO:root:(-1, -1)
INFO:root:(-1, -1)
INFO:root:(-1, -1)
INFO:root:(-1, -1)
INFO:root:(-1, -1)
INFO:root:(-1, -1)
INFO:root:(-1, -1)
INFO:root:(-1, -1)
INFO:root:(-1, -1)
INFO:root:(-1, -1)
INFO:root:(-1, -1)
INFO:root:(-1, -1)
INFO:root:(-1, -1)
INFO:root:(-1, -1)
INFO:root:(-1, -1)
INFO:root:(-1, -1)
INFO:root:(-1, -1)
INFO:root:(-1, -1)
INFO:root:(-1, -1)
INFO:root:(-1, -1)
INFO:root:(-1, -1)
INFO:root:(-1, -1)
INFO:root:(-1, -1)
INFO:root:(-1, -1)
INFO:root:(-1, -1)
INFO:root:(-1, -1)
INFO:root:(-1, -1)
INFO:root:(-1, -1)
INFO:root:(-1, -1)
INFO:root:(-1, -1)
INFO:root:(-1, -1)
INFO:root:(-1, -1)
INFO:root:(-1, -1)
INFO:root:(-1, -1)
INFO:root:(-1, -1)
INFO:root:(-1, -1)
INFO:root:(-1, -1)
INFO:root:(-1, -1)
INFO:root:(-1, -1)
INFO:root:(-1, -1)
INFO:root:(-1, -1)
INFO:root:(-1, -1)
INFO:root:(-1, -1)
INFO:root:(-1, -1)
INFO:root:(-1, -1)
INFO:root:(-1, -1)
INFO:root:(-1, -1)
INFO:root:(-1, -1)
INFO:root:(-1, -1)
INFO:root:(-1, -1)
INFO:root:(-1, -1)
INFO:root:(-1, -1)
INFO:root:(-1, -1)
INFO:root:(-1, -1)
INFO:root:(-1, -1)
INFO:root:(-1, -1)
INFO:root:(-1, -1)
INFO:root:(-1, -1)
INFO:root:(-1, -1)
INFO:root:(-1, -1)
INFO:root:(-1, -1)
INFO:root:(-1, -1)
INFO:root:(-1, -1)
INFO:root:(-1, -1)
INFO:root:(-1, -1)
INFO:root:(-1, -1)
INFO:root:(-1, -1)
INFO:root:(-1, -1)
INFO:root:(-1, -1)
INFO:root:(-1, -1)
INFO:root:(-1, -1)
INFO:root:(-1, -1)
INFO:root:(-1, -1)
INFO:root:(-1, -1)
INFO:root:(-1, -1)
INFO:root:(-1, -1)
INFO:root:(-1, -1)
INFO:root:(-1, -1)
INFO:root:(-1, -1)
INFO:root:(-1, -1)
INFO:root:(-1, -1)
INFO:root:(-1, -1)
INFO:root:(-1, -1)
INFO:root:(-1, -1)
INFO:root:(-1, -1)
INFO:root:(-1, -1)
INFO:root:(-1, -1)
INFO:root:(-1, -1)
INFO:root:(-1, -1)
INFO:root:(-1, -1)
INFO:root:(-1, -1)
INFO:root:(-1, -1)
INFO:root:(-1, -1)
INFO:root:(-1, -1)
INFO:root:(-1, -1)
INFO:root:(-1, -1)
INFO:root:(-1, -1)
INFO:root:(-1, -1)
INFO:root:(-1, -1)
INFO:root:(-1, -1)
INFO:root:(-1, -1)
INFO:root:(-1, -1)
INFO:root:(-1, -1)
INFO:root:(-1, -1)
INFO:root:(-1, -1)
INFO:root:(-1, -1)
INFO:root:(-1, -1)
INFO:root:(-1, -1)
INFO:root:(-1, -1)
INFO:root:(-1, -1)
INFO:root:(-1, -1)
INFO:root:(-1, -1)
INFO:root:(-1, -1)
INFO:root:(-1, -1)
INFO:root:(-1, -1)
INFO:root:(-1, -1)
INFO:root:(-1, -1)
INFO:root:(-1, -1)
INFO:root:(-1, -1)
INFO:root:(-1, -1)
INFO:root:(-1, -1)
INFO:root:(-1, -1)
INFO:root:(-1, -1)
INFO:root:(-1, -1)
INFO:root:(-1, -1)
INFO:root:(-1, -1)
INFO:root:(-1, -1)
INFO:root:(-1, -1)
INFO:root:(-1, -1)
INFO:root:(-1, -1)
INFO:root:(-1, -1)
INFO:root:(-1, -1)
INFO:root:(-1, -1)
INFO:root:(-1, -1)
INFO:root:(-1, -1)
INFO:root:(-1, -1)
INFO:root:(-1, -1)
INFO:root:(-1, -1)
INFO:root:(-1, -1)
INFO:root:(-1, -1)
INFO:root:(-1, -1)
INFO:root:(-1, -1)
INFO:root:(-1, -1)
INFO:root:(-1, -1)
INFO:root:(-1, -1)
INFO:root:(-1, -1)
INFO:root:(-1, -1)
INFO:root:(-1, -1)
INFO:root:(-1, -1)
INFO:root:(-1, -1)
INFO:root:(-1, -1)
INFO:root:(-1, -1)
INFO:root:(-1, -1)
INFO:root:(-1, -1)
INFO:root:(-1, -1)
INFO:root:(-1, -1)
INFO:root:(-1, -1)
INFO:root:(-1, -1)
INFO:root:(-1, -1)
INFO:root:(-1, -1)
INFO:root:(-1, -1)
INFO:root:(-1, -1)
INFO:root:(-1, -1)
INFO:root:(-1, -1)
INFO:root:(-1, -1)
INFO:root:(-1, -1)
INFO:root:(-1, -1)
INFO:root:(-1, -1)
INFO:root:(-1, -1)
INFO:root:(-1, -1)
INFO:root:(-1, -1)
INFO:root:(-1, -1)
INFO:root:(-1, -1)
INFO:root:(-1, -1)
INFO:root:(-1, -1)
INFO:root:(-1, -1)
INFO:root:(-1, -1)
INFO:root:(-1, -1)
INFO:root:(-1, -1)
INFO:root:(-1, -1)
INFO:root:(-1, -1)
INFO:root:(-1, -1)
INFO:root:(-1, -1)
INFO:root:(-1, -1)
INFO:root:(-1, -1)
INFO:root:(-1, -1)
INFO:root:(-1, -1)
INFO:root:(-1, -1)
INFO:root:(-1, -1)
INFO:root:(-1, -1)
INFO:root:(-1, -1)
INFO:root:(-1, -1)
INFO:root:(-1, -1)
INFO:root:(-1, -1)
INFO:root:(-1, -1)
INFO:root:(-1, -1)
INFO:root:(-1, -1)
INFO:root:(-1, -1)
INFO:root:(-1, -1)
INFO:root:(-1, -1)
INFO:root:(-1, -1)
INFO:root:(-1, -1)
INFO:root:(-1, -1)
INFO:root:(-1, -1)
INFO:root:(-1, -1)
INFO:root:(-1, -1)
INFO:root:(-1, -1)
INFO:root:(-1, -1)
INFO:root:(-1, -1)
INFO:root:(-1, -1)
INFO:root:(-1, -1)
INFO:root:(-1, -1)
INFO:root:(-1, -1)
INFO:root:(-1, -1)
INFO:root:(-1, -1)
INFO:root:(-1, -1)
INFO:root:(-1, -1)
INFO:root:(-1, -1)
INFO:root:(-1, -1)
INFO:root:(-1, -1)
INFO:root:(-1, -1)
INFO:root:(-1, -1)
INFO:root:(-1, -1)
INFO:root:(-1, -1)
INFO:root:(-1, -1)
INFO:root:(-1, -1)
INFO:root:(-1, -1)
INFO:root:(-1, -1)
INFO:root:(-1, -1)
INFO:root:(-1, -1)
INFO:root:(-1, -1)
INFO:root:(-1, -1)
INFO:root:(-1, -1)
INFO:root:(-1, -1)
INFO:root:(-1, -1)
INFO:root:(-1, -1)
INFO:root:(-1, -1)
INFO:root:(-1, -1)
INFO:root:(-1, -1)
INFO:root:(-1, -1)
INFO:root:(-1, -1)
INFO:root:(-1, -1)
INFO:root:(-1, -1)
INFO:root:(-1, -1)
INFO:root:(-1, -1)
INFO:root:(-1, -1)
INFO:root:(-1, -1)
INFO:root:(-1, -1)
INFO:root:(-1, -1)
INFO:root:(-1, -1)
INFO:root:(-1, -1)
INFO:root:(-1, -1)
INFO:root:(-1, -1)
INFO:root:(-1, -1)
INFO:root:(-1, -1)
INFO:root:(-1, -1)
INFO:root:(-1, -1)
INFO:root:(-1, -1)
INFO:root:(-1, -1)
INFO:root:(-1, -1)
INFO:root:(-1, -1)
INFO:root:(-1, -1)
INFO:root:(-1, -1)
INFO:root:(-1, -1)
INFO:root:(-1, -1)
INFO:root:(-1, -1)
INFO:root:(-1, -1)
INFO:root:(-1, -1)
INFO:root:(-1, -1)
INFO:root:(-1, -1)
INFO:root:(-1, -1)
INFO:root:(-1, -1)
INFO:root:(-1, -1)
INFO:root:(-1, -1)
INFO:root:(-1, -1)
INFO:root:(-1, -1)
INFO:root:(-1, -1)
INFO:root:(-1, -1)
INFO:root:(-1, -1)
INFO:root:(-1, -1)
INFO:root:(-1, -1)
INFO:root:(-1, -1)
INFO:root:(-1, -1)
INFO:root:(-1, -1)
INFO:root:(-1, -1)
INFO:root:(-1, -1)
INFO:root:(-1, -1)
INFO:root:(-1, -1)
INFO:root:(-1, -1)
INFO:root:(-1, -1)
INFO:root:(-1, -1)
INFO:root:(-1, -1)
INFO:root:(-1, -1)
INFO:root:(-1, -1)
INFO:root:(-1, -1)
INFO:root:(-1, -1)
INFO:root:(-1, -1)
INFO:root:(-1, -1)
INFO:root:(-1, -1)
INFO:root:(-1, -1)
INFO:root:(-1, -1)
INFO:root:(-1, -1)
INFO:root:(-1, -1)
INFO:root:(-1, -1)
INFO:root:(-1, -1)
INFO:root:(-1, -1)
INFO:root:(-1, -1)
INFO:root:(-1, -1)
INFO:root:(-1, -1)
INFO:root:Starting main method
INFO:root:Setting terminal to fullscreen
INFO:root:Starting curses main method
INFO:root:Setting curses window settings
INFO:root:Checking terminal screen minimum dimensions
INFO:root:Adding toolbar and sidebar
INFO:root:Initializing toolbar
INFO:root:Initalizing Sidebar
INFO:root:Adding widgets
INFO:root:Initalizing a ToolDateTime Widget
INFO:root:Initializing ToolbarWidget class
INFO:root:Initializing a ToolLabel Widget
INFO:root:Initializing ToolbarWidget class
INFO:root:Initializing a TodoList SideWidget
INFO:root:Listener?
INFO:root:Entering main loop
INFO:root:Starting main method
INFO:root:Setting terminal to fullscreen
INFO:root:Starting curses main method
INFO:root:Setting curses window settings
INFO:root:Checking terminal screen minimum dimensions
INFO:root:Adding toolbar and sidebar
INFO:root:Initializing toolbar
INFO:root:Initalizing Sidebar
INFO:root:Adding widgets
INFO:root:Initalizing a ToolDateTime Widget
INFO:root:Initializing ToolbarWidget class
INFO:root:Initializing a ToolLabel Widget
INFO:root:Initializing ToolbarWidget class
INFO:root:Initializing a TodoList SideWidget
INFO:root:Listener?
INFO:root:Entering main loop
INFO:root:Starting main method
INFO:root:Setting terminal to fullscreen
INFO:root:Starting curses main method
INFO:root:Setting curses window settings
INFO:root:Checking terminal screen minimum dimensions
INFO:root:Adding toolbar and sidebar
INFO:root:Initializing toolbar
INFO:root:Initalizing Sidebar
INFO:root:Adding widgets
INFO:root:Initalizing a ToolDateTime Widget
INFO:root:Initializing ToolbarWidget class
INFO:root:Initializing a ToolLabel Widget
INFO:root:Initializing ToolbarWidget class
INFO:root:Initializing a TodoList SideWidget
INFO:root:Listener?
INFO:root:Entering main loop
INFO:root:Setting terminal to fullscreen
INFO:root:Starting main method
INFO:root:Starting curses main method
INFO:root:Setting curses window settings
INFO:root:Checking terminal screen minimum dimensions
INFO:root:Adding toolbar and sidebar
INFO:root:Setting terminal to fullscreen
INFO:root:Starting main method
INFO:root:Starting curses main method
INFO:root:Setting curses window settings
INFO:root:Checking terminal screen minimum dimensions
INFO:root:Adding toolbar and sidebar
INFO:root:Initializing toolbar
INFO:root:Initalizing Sidebar
INFO:root:Setting terminal to fullscreen
INFO:root:Starting main method
INFO:root:Starting curses main method
INFO:root:Setting curses window settings
INFO:root:Checking terminal screen minimum dimensions
INFO:root:Adding toolbar and sidebar
INFO:root:Initializing toolbar
INFO:root:Initalizing Sidebar
INFO:root:Adding widgets
INFO:root:Initalizing a ToolDateTime Widget
INFO:root:Initializing ToolbarWidget class
INFO:root:Setting terminal to fullscreen
INFO:root:Starting main method
INFO:root:Starting curses main method
INFO:root:Setting curses window settings
INFO:root:Checking terminal screen minimum dimensions
INFO:root:Adding toolbar and sidebar
INFO:root:Initializing toolbar
INFO:root:Initalizing Sidebar
INFO:root:Adding widgets
INFO:root:Initalizing a ToolDateTime Widget
INFO:root:Initializing ToolbarWidget class
INFO:root:Initializing a ToolLabel Widget
INFO:root:Initializing ToolbarWidget class
INFO:root:Setting terminal to fullscreen
INFO:root:Starting main method
INFO:root:Starting curses main method
INFO:root:Setting curses window settings
INFO:root:Checking terminal screen minimum dimensions
INFO:root:Adding toolbar and sidebar
INFO:root:Initializing toolbar
INFO:root:Initalizing Sidebar
INFO:root:Adding widgets
INFO:root:Initalizing a ToolDateTime Widget
INFO:root:Initializing ToolbarWidget class
INFO:root:Initializing a ToolLabel Widget
INFO:root:Initializing ToolbarWidget class
INFO:root:Initializing a TodoList SideWidget
INFO:root:Listener?
INFO:root:Entering main loop
INFO:root:Setting terminal to fullscreen
INFO:root:Starting main method
INFO:root:Starting curses main method
INFO:root:Setting curses window settings
INFO:root:Checking terminal screen minimum dimensions
INFO:root:Adding toolbar and sidebar
INFO:root:Initializing toolbar
INFO:root:Initalizing Sidebar
INFO:root:Adding widgets
INFO:root:Initalizing a ToolDateTime Widget
INFO:root:Initializing ToolbarWidget class
INFO:root:Initializing a ToolLabel Widget
INFO:root:Initializing ToolbarWidget class
INFO:root:Initializing a TodoList SideWidget
INFO:root:Listener?
INFO:root:Entering main loop
INFO:root:Setting terminal to fullscreen
INFO:root:Starting main method
INFO:root:Starting curses main method
INFO:root:Setting curses window settings
INFO:root:Checking terminal screen minimum dimensions
INFO:root:Adding toolbar and sidebar
INFO:root:Initializing toolbar
INFO:root:Initalizing Sidebar
INFO:root:Adding widgets
INFO:root:Setting terminal to fullscreen
INFO:root:Starting main method
INFO:root:Starting curses main method
INFO:root:Setting curses window settings
INFO:root:Checking terminal screen minimum dimensions
INFO:root:Adding toolbar and sidebar
INFO:root:Initializing toolbar
INFO:root:Initalizing Sidebar
INFO:root:Adding widgets
INFO:root:Setting terminal to fullscreen
INFO:root:Starting main method
INFO:root:Starting curses main method
INFO:root:Setting curses window settings
INFO:root:Checking terminal screen minimum dimensions
INFO:root:Adding toolbar and sidebar
INFO:root:Initializing toolbar
INFO:root:Initalizing Sidebar
INFO:root:Adding widgets
INFO:root:Setting terminal to fullscreen
INFO:root:Starting main method
INFO:root:Starting curses main method
INFO:root:Setting curses window settings
INFO:root:Checking terminal screen minimum dimensions
INFO:root:Adding toolbar and sidebar
INFO:root:Initializing toolbar
INFO:root:Initalizing Sidebar
INFO:root:Setting terminal to fullscreen
INFO:root:Starting main method
INFO:root:Starting curses main method
INFO:root:Setting curses window settings
INFO:root:Checking terminal screen minimum dimensions
INFO:root:Adding toolbar and sidebar
INFO:root:Initializing toolbar
INFO:root:Initalizing Sidebar
INFO:root:Initializing ToolbarWidget class
INFO:root:Initializing the SideWidget class
INFO:root:Adding widgets
INFO:root:Initalizing a ToolDateTime Widget
INFO:root:Initializing ToolbarWidget class
INFO:root:Setting terminal to fullscreen
INFO:root:Starting main method
INFO:root:Starting curses main method
INFO:root:Setting curses window settings
INFO:root:Checking terminal screen minimum dimensions
INFO:root:Adding toolbar and sidebar
INFO:root:Initializing toolbar
INFO:root:Initalizing Sidebar
INFO:root:Initializing ToolbarWidget class
INFO:root:Initializing the SideWidget class
INFO:root:Adding widgets
INFO:root:Initalizing a ToolDateTime Widget
INFO:root:Initializing ToolbarWidget class
INFO:root:Initializing a ToolLabel Widget
INFO:root:Initializing ToolbarWidget class
INFO:root:Setting terminal to fullscreen
INFO:root:Starting main method
INFO:root:Starting curses main method
INFO:root:Setting curses window settings
INFO:root:Checking terminal screen minimum dimensions
INFO:root:Adding toolbar and sidebar
INFO:root:Initializing toolbar
INFO:root:Initalizing Sidebar
INFO:root:Initializing ToolbarWidget class
INFO:root:Initializing the SideWidget class
INFO:root:Adding widgets
INFO:root:Initalizing a ToolDateTime Widget
INFO:root:Initializing ToolbarWidget class
INFO:root:Initializing a ToolLabel Widget
INFO:root:Initializing ToolbarWidget class
INFO:root:Initializing a TodoList SideWidget
INFO:root:Listener?
INFO:root:Entering main loop
INFO:root:Setting terminal to fullscreen
INFO:root:Starting main method
INFO:root:Starting curses main method
INFO:root:Setting curses window settings
INFO:root:Checking terminal screen minimum dimensions
INFO:root:Adding toolbar and sidebar
INFO:root:Initializing toolbar
INFO:root:Initalizing Sidebar
INFO:root:Initializing ToolbarWidget class
INFO:root:Initializing the SideWidget class
INFO:root:Adding widgets
INFO:root:Initalizing a ToolDateTime Widget
INFO:root:Initializing ToolbarWidget class
INFO:root:Initializing a ToolLabel Widget
INFO:root:Initializing ToolbarWidget class
INFO:root:Initializing a TodoList SideWidget
INFO:root:Listener?
INFO:root:Entering main loop
INFO:root:Setting terminal to fullscreen
INFO:root:Starting main method
INFO:root:Starting curses main method
INFO:root:Setting curses window settings
INFO:root:Checking terminal screen minimum dimensions
INFO:root:Adding toolbar and sidebar
INFO:root:Initializing toolbar
INFO:root:Initalizing Sidebar
INFO:root:Initializing ToolbarWidget class
INFO:root:Initializing the SideWidget class
INFO:root:Adding widgets
INFO:root:Initalizing a ToolDateTime Widget
INFO:root:Initializing ToolbarWidget class
INFO:root:Initializing a ToolLabel Widget
INFO:root:Initializing ToolbarWidget class
INFO:root:Initializing a TodoList SideWidget
INFO:root:Listener?
INFO:root:Entering main loop
INFO:root:(-1, -1)
INFO:root:(-1, -1)
INFO:root:(-1, -1)
INFO:root:(-1, -1)
INFO:root:(-1, -1)
INFO:root:(-1, -1)
INFO:root:(-1, -1)
INFO:root:(-1, -1)
INFO:root:(-1, -1)
INFO:root:(-1, -1)
INFO:root:(-1, -1)
INFO:root:(-1, -1)
INFO:root:(-1, -1)
INFO:root:Linux
INFO:root:Linux
INFO:root:Linux
INFO:root:Linux
INFO:root:Linux
